<?xml version="1.0" encoding="UTF-8"?>
<!-- Generated by org.testng.reporters.JUnitReportReporter -->
<testsuite hostname="DESKTOP-DTUKDDQ" failures="0" tests="1" name="day2.PathParamQueryParam" time="4.625" errors="0" timestamp="2025-05-25T23:00:24 IST" skipped="0">
  <testcase classname="day2.PathParamQueryParam" name="pathParamQueryParam" time="4.625"/>
  <system-out/>
</testsuite> <!-- day2.PathParamQueryParam -->
