<?xml version="1.0" encoding="UTF-8"?>
<!-- Generated by org.testng.reporters.JUnitReportReporter -->
<testsuite hostname="DESKTOP-DTUKDDQ" failures="0" tests="1" name="day3.ValiadatePathParameter" time="3.258" errors="0" timestamp="2025-06-15T20:23:55 IST" skipped="0">
  <testcase classname="day3.ValiadatePathParameter" name="testParameter" time="3.258"/>
  <system-out/>
</testsuite> <!-- day3.ValiadatePathParameter -->
