<?xml version="1.0" encoding="UTF-8"?>
<!-- Generated by org.testng.reporters.JUnitReportReporter -->
<testsuite hostname="DESKTOP-DTUKDDQ" failures="0" tests="1" name="day3.ValidateResponseinQueryParameter" time="3.162" errors="0" timestamp="2025-06-15T20:46:33 IST" skipped="0">
  <testcase classname="day3.ValidateResponseinQueryParameter" name="validateResponse" time="3.162"/>
  <system-out/>
</testsuite> <!-- day3.ValidateResponseinQueryParameter -->
