<?xml version="1.0" encoding="UTF-8"?>
<!-- Generated by org.testng.reporters.JUnitReportReporter -->
<testsuite hostname="DESKTOP-DTUKDDQ" failures="0" tests="1" name="day1.ValidatePostRequest" time="6.102" errors="0" timestamp="2025-05-25T19:22:17 IST" skipped="0">
  <testcase classname="day1.ValidatePostRequest" name="createUser" time="6.102"/>
  <system-out/>
</testsuite> <!-- day1.ValidatePostRequest -->
