<?xml version="1.0" encoding="UTF-8"?>
<!-- Generated by org.testng.reporters.JUnitReportReporter -->
<testsuite hostname="DESKTOP-DTUKDDQ" failures="0" tests="2" name="day1.PostRequestReqRes" time="7.453" errors="0" timestamp="2025-05-25T15:39:15 IST" skipped="0">
  <testcase classname="day1.PostRequestReqRes" name="createUser" time="6.830"/>
  <system-out/>
  <testcase classname="day1.PostRequestReqRes" name="updateUser" time="0.623"/>
  <system-out/>
</testsuite> <!-- day1.PostRequestReqRes -->
