<?xml version="1.0" encoding="UTF-8"?>
<!-- Generated by org.testng.reporters.JUnitReportReporter -->
<testsuite hostname="DESKTOP-DTUKDDQ" failures="0" tests="1" name="day1.GetRequestReqRes" time="3.338" errors="0" timestamp="2025-05-25T11:37:44 IST" skipped="0">
  <testcase classname="day1.GetRequestReqRes" name="getListUserData" time="3.338"/>
  <system-out/>
</testsuite> <!-- day1.GetRequestReqRes -->
