<?xml version="1.0" encoding="UTF-8"?>
<!-- Generated by org.testng.reporters.JUnitReportReporter -->
<testsuite hostname="DESKTOP-DTUKDDQ" failures="0" tests="1" name="com.amazon.tests.AmazonHomePageTest" time="10.441" errors="0" timestamp="2025-08-25T01:01:19 IST" skipped="0">
  <testcase classname="com.amazon.tests.AmazonHomePageTest" name="verifySearchProduct" time="10.441"/>
</testsuite> <!-- com.amazon.tests.AmazonHomePageTest -->
