<?xml version="1.0" encoding="UTF-8"?>
<!-- Generated by org.testng.reporters.JUnitReportReporter -->
<testsuite hostname="DESKTOP-DTUKDDQ" failures="0" tests="1" name="com.flipkart.tests.FlipKartLoginPageTest" time="33.737" errors="0" timestamp="2025-08-31T21:35:59 IST" skipped="0">
  <testcase classname="com.flipkart.tests.FlipKartLoginPageTest" name="verify_Login_Functionality_FlipKartLoginPage" time="33.737"/>
</testsuite> <!-- com.flipkart.tests.FlipKartLoginPageTest -->
