<?xml version="1.0" encoding="UTF-8"?>
<!-- Generated by org.testng.reporters.JUnitReportReporter -->
<testsuite hostname="DESKTOP-DTUKDDQ" failures="0" tests="2" name="com.flipkart.tests.FlipKartHomePageTest" time="21.489" errors="0" timestamp="2025-08-31T21:35:59 IST" skipped="0">
  <testcase classname="com.flipkart.tests.FlipKartHomePageTest" name="verify_Title_Product_FlipKartHomePage" time="7.192"/>
  <testcase classname="com.flipkart.tests.FlipKartHomePageTest" name="verify_Search_Product_FlipKartHomePage" time="14.297"/>
</testsuite> <!-- com.flipkart.tests.FlipKartHomePageTest -->
