<?xml version="1.0" encoding="UTF-8"?>
<!-- Generated by org.testng.reporters.JUnitReportReporter -->
<testsuite hostname="DESKTOP-DTUKDDQ" failures="0" tests="2" name="com.flipkart.tests.FlipKartHomePageTest" time="20.163" errors="0" timestamp="2025-08-31T20:05:40 IST" skipped="0">
  <testcase classname="com.flipkart.tests.FlipKartHomePageTest" name="searchProductFlipKartHomePage" time="12.472"/>
  <testcase classname="com.flipkart.tests.FlipKartHomePageTest" name="verifyTitleProductFlipKartHomePage" time="7.691"/>
</testsuite> <!-- com.flipkart.tests.FlipKartHomePageTest -->
