<?xml version="1.0" encoding="UTF-8"?>
<!-- Generated by org.testng.reporters.JUnitReportReporter -->
<testsuite hostname="DESKTOP-DTUKDDQ" failures="0" tests="2" name="com.flipkart.tests.FlipKartHomePageTest" time="17.387" errors="0" timestamp="2025-09-07T14:23:12 IST" skipped="0">
  <testcase classname="com.flipkart.tests.FlipKartHomePageTest" name="verify_Search_Product_FlipKartHomePage" time="8.696"/>
  <testcase classname="com.flipkart.tests.FlipKartHomePageTest" name="verify_Title_Product_FlipKartHomePage" time="8.691"/>
</testsuite> <!-- com.flipkart.tests.FlipKartHomePageTest -->
