<?xml version="1.0" encoding="UTF-8"?>
<!-- Generated by org.testng.reporters.JUnitReportReporter -->
<testsuite hostname="DESKTOP-DTUKDDQ" failures="0" tests="1" name="com.amazon.tests.AmazonHomePageTest" time="13.071" errors="0" timestamp="2025-08-25T01:53:03 IST" skipped="0">
  <testcase classname="com.amazon.tests.AmazonHomePageTest" name="verifySearchProduct" time="13.071"/>
</testsuite> <!-- com.amazon.tests.AmazonHomePageTest -->
