<?xml version="1.0" encoding="UTF-8"?>
<!-- Generated by org.testng.reporters.JUnitReportReporter -->
<testsuite hostname="DESKTOP-DTUKDDQ" failures="0" tests="1" name="page.TestClass" time="10.240" errors="0" timestamp="2025-08-24T14:34:19 IST" skipped="0">
  <testcase classname="page.TestClass" name="getBrowser" time="10.240"/>
  <system-out/>
</testsuite> <!-- page.TestClass -->
