<?xml version="1.0" encoding="UTF-8"?>
<!-- Generated by org.testng.reporters.JUnitReportReporter -->
<testsuite hostname="DESKTOP-DTUKDDQ" failures="0" tests="1" name="test.LaunchBrowser" time="16.150" errors="0" timestamp="2025-08-24T01:36:11 IST" skipped="0">
  <testcase classname="test.LaunchBrowser" name="getBrowser" time="16.150"/>
  <system-out/>
</testsuite> <!-- test.LaunchBrowser -->
