<?xml version="1.0" encoding="UTF-8"?>
<!-- Generated by org.testng.reporters.JUnitReportReporter -->
<testsuite hostname="DESKTOP-DTUKDDQ" failures="0" tests="1" name="com.flipkart.tests.FlipKartLoginPageTest" time="59.818" errors="0" timestamp="2025-09-03T22:05:01 IST" skipped="0">
  <testcase classname="com.flipkart.tests.FlipKartLoginPageTest" name="verify_Login_Functionality_FlipKartLoginPage" time="59.818"/>
</testsuite> <!-- com.flipkart.tests.FlipKartLoginPageTest -->
