<?xml version="1.0" encoding="UTF-8"?>
<!-- Generated by org.testng.reporters.JUnitReportReporter -->
<testsuite hostname="DESKTOP-DTUKDDQ" failures="0" tests="1" name="com.amazon.tests.AmazonHomePageTest" time="12.243" errors="0" timestamp="2025-08-26T00:47:52 IST" skipped="0">
  <testcase classname="com.amazon.tests.AmazonHomePageTest" name="verifySearchProduct" time="12.243"/>
</testsuite> <!-- com.amazon.tests.AmazonHomePageTest -->
