<?xml version="1.0" encoding="UTF-8"?>
<!-- Generated by org.testng.reporters.JUnitReportReporter -->
<testsuite hostname="DESKTOP-DTUKDDQ" failures="0" tests="1" name="test.LaunchBrowser" time="8.387" errors="0" timestamp="2025-08-24T02:04:53 IST" skipped="0">
  <testcase classname="test.LaunchBrowser" name="getBrowser" time="8.387"/>
  <system-out/>
</testsuite> <!-- test.LaunchBrowser -->
