<?xml version="1.0" encoding="UTF-8"?>
<!-- Generated by org.testng.reporters.JUnitReportReporter -->
<testsuite hostname="DESKTOP-DTUKDDQ" failures="0" tests="2" name="com.amazon.tests.AmazonHomePageTest" time="22.111" errors="0" timestamp="2025-08-31T17:03:34 IST" skipped="0">
  <testcase classname="com.amazon.tests.AmazonHomePageTest" name="verifyTitleProductFlipKartHomePage" time="9.650"/>
  <testcase classname="com.amazon.tests.AmazonHomePageTest" name="searchProductFlipKartHomePage" time="12.461"/>
</testsuite> <!-- com.amazon.tests.AmazonHomePageTest -->
