<?xml version="1.0" encoding="UTF-8"?>
<!-- Generated by org.testng.reporters.JUnitReportReporter -->
<testsuite hostname="DESKTOP-DTUKDDQ" failures="0" tests="1" name="com.amazon.tests.AmazonHomePageTest" time="19.456" errors="0" timestamp="2025-08-25T23:31:14 IST" skipped="0">
  <testcase classname="com.amazon.tests.AmazonHomePageTest" name="verifySearchProduct" time="19.456"/>
</testsuite> <!-- com.amazon.tests.AmazonHomePageTest -->
