<?xml version="1.0" encoding="UTF-8"?>
<!-- Generated by org.testng.reporters.JUnitReportReporter -->
<testsuite hostname="DESKTOP-DTUKDDQ" failures="0" tests="1" name="page.EmpTest" time="10.454" errors="0" timestamp="2025-08-24T15:30:40 IST" skipped="0">
  <testcase classname="page.EmpTest" name="getBrowser" time="10.454"/>
</testsuite> <!-- page.EmpTest -->
